[debug] [2018-11-01T12:13:33.740Z] ----------------------------------------------------------------------
[debug] [2018-11-01T12:13:33.744Z] Command:       E:\โปรแกรม\node.exe C:\Users\Teerayut\AppData\Roaming\npm\node_modules\firebase-tools\lib\bin\firebase.js serve
[debug] [2018-11-01T12:13:33.744Z] CLI Version:   6.0.0
[debug] [2018-11-01T12:13:33.745Z] Platform:      win32
[debug] [2018-11-01T12:13:33.745Z] Node Version:  v11.0.0
[debug] [2018-11-01T12:13:33.746Z] Time:          Thu Nov 01 2018 19:13:33 GMT+0700 (Indochina Time)
[debug] [2018-11-01T12:13:33.746Z] ----------------------------------------------------------------------
[debug] 
[debug] [2018-11-01T12:13:33.780Z] > command requires scopes: ["email","openid","https://www.googleapis.com/auth/cloudplatformprojects.readonly","https://www.googleapis.com/auth/firebase","https://www.googleapis.com/auth/cloud-platform"]
[debug] [2018-11-01T12:13:33.781Z] > authorizing via signed-in user
[debug] [2018-11-01T12:13:33.781Z] [iam] checking project shopee-1 for permissions ["firebase.projects.get"]
[debug] [2018-11-01T12:13:33.784Z] > refreshing access token with scopes: ["email","https://www.googleapis.com/auth/cloud-platform","https://www.googleapis.com/auth/cloudplatformprojects.readonly","https://www.googleapis.com/auth/firebase","openid"]
[debug] [2018-11-01T12:13:33.784Z] >>> HTTP REQUEST POST https://www.googleapis.com/oauth2/v3/token  
 <request body omitted>
[debug] [2018-11-01T12:13:34.064Z] <<< HTTP RESPONSE 200
[debug] [2018-11-01T12:13:34.200Z] >>> HTTP REQUEST POST https://cloudresourcemanager.googleapis.com/v1/projects/shopee-1:testIamPermissions  

[debug] [2018-11-01T12:13:35.555Z] <<< HTTP RESPONSE 200
[debug] [2018-11-01T12:13:35.556Z] >>> HTTP REQUEST GET https://cloudresourcemanager.googleapis.com/v1/projects/shopee-1  
 
[debug] [2018-11-01T12:13:36.911Z] <<< HTTP RESPONSE 200
[info] 
[info] === Serving from 'E:\งานทั้งหมด\Mobile\Quiz1-moblie'...
[info] 
[debug] [2018-11-01T12:13:36.915Z] >>> HTTP REQUEST GET https://mobilesdk-pa.googleapis.com/v1/projects/641889602156/clients/_:getWebAppConfig  
 
[debug] [2018-11-01T12:13:37.432Z] <<< HTTP RESPONSE 200
[info] i  hosting: Serving hosting files from: public
[info] +  hosting: Local server: http://localhost:5000
